<?xml version="1.0" encoding="UTF-8"?>
<!-- Generated by org.testng.reporters.JUnitReportReporter -->
<testsuite hostname="LAPTOP-L31P1TRG" failures="0" tests="1" name="crudOperationsWithBDD.UpdateUser" time="4.121" errors="0" timestamp="2023-02-15T19:24:10 IST" skipped="0">
  <testcase classname="crudOperationsWithBDD.UpdateUser" name="putPatchUser" time="4.121"/>
  <system-out/>
</testsuite> <!-- crudOperationsWithBDD.UpdateUser -->
