<?xml version="1.0" encoding="UTF-8"?>
<!-- Generated by org.testng.reporters.JUnitReportReporter -->
<testsuite hostname="LAPTOP-L31P1TRG" failures="0" tests="1" name="crudOperationsWithBDD.GetAllUser" time="3.539" errors="0" timestamp="2023-02-15T12:22:20 IST" skipped="0">
  <testcase classname="crudOperationsWithBDD.GetAllUser" name="getUser" time="3.539"/>
  <system-out/>
</testsuite> <!-- crudOperationsWithBDD.GetAllUser -->
