<?xml version="1.0" encoding="UTF-8"?>
<!-- Generated by org.testng.reporters.JUnitReportReporter -->
<testsuite hostname="LAPTOP-L31P1TRG" failures="0" tests="1" name="operationsCRUD.CreateUser" time="3.890" errors="0" timestamp="2023-01-05T14:32:32 IST" skipped="0">
  <testcase classname="operationsCRUD.CreateUser" name="createUser" time="3.890"/>
  <system-out/>
</testsuite> <!-- operationsCRUD.CreateUser -->
