<?xml version="1.0" encoding="UTF-8"?>
<!-- Generated by org.testng.reporters.JUnitReportReporter -->
<testsuite hostname="LAPTOP-L31P1TRG" failures="0" tests="1" name="crudOperationsWithBDD.DeleteUser" time="2.546" errors="0" timestamp="2023-02-15T12:26:31 IST" skipped="0">
  <testcase classname="crudOperationsWithBDD.DeleteUser" name="deleteUser" time="2.546"/>
  <system-out/>
</testsuite> <!-- crudOperationsWithBDD.DeleteUser -->
