<?xml version="1.0" encoding="UTF-8"?>
<!-- Generated by org.testng.reporters.JUnitReportReporter -->
<testsuite hostname="LAPTOP-L31P1TRG" failures="0" tests="1" name="operationsCRUD.DeleteUser" time="5.835" errors="0" timestamp="2023-02-14T20:13:02 IST" skipped="0">
  <testcase classname="operationsCRUD.DeleteUser" name="deleteUser" time="5.835"/>
  <system-out/>
</testsuite> <!-- operationsCRUD.DeleteUser -->
