<?xml version="1.0" encoding="UTF-8"?>
<!-- Generated by org.testng.reporters.JUnitReportReporter -->
<testsuite hostname="LAPTOP-L31P1TRG" failures="0" tests="1" name="responseValidation.ResponseValidationTest" time="3.635" errors="0" timestamp="2023-02-16T12:19:28 IST" skipped="0">
  <testcase classname="responseValidation.ResponseValidationTest" name="responsevalidation" time="3.635"/>
  <system-out/>
</testsuite> <!-- responseValidation.ResponseValidationTest -->
