<?xml version="1.0" encoding="UTF-8"?>
<!-- Generated by org.testng.reporters.JUnitReportReporter -->
<testsuite hostname="LAPTOP-L31P1TRG" failures="0" tests="1" name="operationsCRUD.PatchUser" time="5.443" errors="0" timestamp="2023-02-14T20:48:08 IST" skipped="0">
  <testcase classname="operationsCRUD.PatchUser" name="patchUser" time="5.443"/>
  <system-out/>
</testsuite> <!-- operationsCRUD.PatchUser -->
