<?xml version="1.0" encoding="UTF-8"?>
<!-- Generated by org.testng.reporters.JUnitReportReporter -->
<testsuite hostname="LAPTOP-L31P1TRG" failures="0" tests="1" name="operationsCRUD.GetAllUsers" time="6.117" errors="0" timestamp="2023-02-14T20:11:44 IST" skipped="0">
  <testcase classname="operationsCRUD.GetAllUsers" name="getUsers" time="6.117"/>
  <system-out/>
</testsuite> <!-- operationsCRUD.GetAllUsers -->
