<?xml version="1.0" encoding="UTF-8"?>
<!-- Generated by org.testng.reporters.JUnitReportReporter -->
<testsuite hostname="LAPTOP-L31P1TRG" failures="0" tests="1" name="operationsCRUD.UpdateUser" time="5.801" errors="0" timestamp="2023-02-14T20:25:54 IST" skipped="0">
  <testcase classname="operationsCRUD.UpdateUser" name="getUsers" time="5.801"/>
  <system-out/>
</testsuite> <!-- operationsCRUD.UpdateUser -->
