<?xml version="1.0" encoding="UTF-8"?>
<!-- Generated by org.testng.reporters.JUnitReportReporter -->
<testsuite hostname="LAPTOP-L31P1TRG" failures="0" tests="1" name="crudOperationsWithBDD.CreateUser" time="3.412" errors="0" timestamp="2023-02-23T14:28:46 IST" skipped="0">
  <testcase classname="crudOperationsWithBDD.CreateUser" name="postUser" time="3.412"/>
  <system-out/>
</testsuite> <!-- crudOperationsWithBDD.CreateUser -->
